compositor/build/intermediates/manifest_merge_blame_file/phoneRelease/manifest-merger-blame-phone-release-report.txt
1<?xml version="1.0" encoding="utf-8"?>
2<manifest xmlns:android="http://schemas.android.com/apk/res/android"
3    package="com.google.android.accessibility.compositor" >
4
5    <uses-sdk android:minSdkVersion="23" />
5-->src/main/AndroidManifest.xml
6
7</manifest>